[2016-03-15 11:03:29,065](INFO)indexHandler : 进入indexHandler
[2016-03-15 11:03:29,065](INFO)indexHandler : 退出indexHandler
[2016-03-15 11:03:36,838](INFO)refisterHandler : 进入registerHandler
[2016-03-15 11:03:36,838](INFO)getReigsterRes : 进入registerRes方法
[2016-03-15 11:03:37,223](INFO)getReigsterRes : 远程调用getRegisterRes方法成功
[2016-03-15 11:03:37,224](INFO)getReigsterRes : 退出registerRes方法
[2016-03-15 11:03:37,224](INFO)refisterHandler : 退出registerHandler
[2016-03-15 11:03:47,253](INFO)indexHandler : 进入indexHandler
[2016-03-15 11:03:47,253](INFO)indexHandler : 退出indexHandler
[2016-03-15 11:04:00,677](INFO)refisterHandler : 进入registerHandler
[2016-03-15 11:04:00,677](INFO)getReigsterRes : 进入registerRes方法
[2016-03-15 11:04:00,693](INFO)getReigsterRes : 远程调用getRegisterRes方法成功
[2016-03-15 11:04:00,693](INFO)getReigsterRes : 退出registerRes方法
[2016-03-15 11:04:00,694](INFO)refisterHandler : 退出registerHandler
[2016-03-15 11:04:09,259](INFO)indexHandler : 进入indexHandler
[2016-03-15 11:04:09,259](INFO)indexHandler : 退出indexHandler
[2016-03-15 11:04:17,802](INFO)confirmHandler : 进入confirmHandler
[2016-03-15 11:04:17,802](INFO)getConfirmRes : 进入confirmRes方法
[2016-03-15 11:04:17,821](INFO)getConfirmRes : 远程调用getConfirmRes方法成功
[2016-03-15 11:04:17,821](INFO)getConfirmRes : 退出confirmRes方法
[2016-03-15 11:04:17,821](INFO)confirmHandler : 退出confirmHandler
